[    0.000000] Initializing cgroup subsys cpuset
[    0.000000] Initializing cgroup subsys cpu
[    0.000000] Initializing cgroup subsys cpuacct
[    0.000000] Linux version 4.4.0-187-generic (buildd@lgw01-amd64-035) (gcc version 5.4.0 20160609 (Ubuntu 5.4.0-6ubuntu1~16.04.12) ) #217-Ubuntu SMP Tue Jul 21 04:18:15 UTC 2020 (Ubuntu 4.4.0-187.217-generic 4.4.230)
[    0.000000] Command line: BOOT_IMAGE=/boot/vmlinuz-4.4.0-187-generic root=LABEL=cloudimg-rootfs ro console=tty1 console=ttyS0
[    0.000000] KERNEL supported cpus:
[    0.000000]   Intel GenuineIntel
[    0.000000]   AMD AuthenticAMD
[    0.000000]   Centaur CentaurHauls
[    0.000000] x86/fpu: Legacy x87 FPU detected.
[    0.000000] e820: BIOS-provided physical RAM map:
[    0.000000] BIOS-e820: [mem 0x0000000000000000-0x000000000009fbff] usable
[    0.000000] BIOS-e820: [mem 0x000000000009fc00-0x000000000009ffff] reserved
[    0.000000] BIOS-e820: [mem 0x00000000000f0000-0x00000000000fffff] reserved
[    0.000000] BIOS-e820: [mem 0x0000000000100000-0x000000003ffeffff] usable
[    0.000000] BIOS-e820: [mem 0x000000003fff0000-0x000000003fffffff] ACPI data
[    0.000000] BIOS-e820: [mem 0x00000000fec00000-0x00000000fec00fff] reserved
[    0.000000] BIOS-e820: [mem 0x00000000fee00000-0x00000000fee00fff] reserved
[    0.000000] BIOS-e820: [mem 0x00000000fffc0000-0x00000000ffffffff] reserved
[    0.000000] NX (Execute Disable) protection: active
[    0.000000] SMBIOS 2.5 present.
[    0.000000] Hypervisor detected: KVM
[    0.000000] e820: last_pfn = 0x3fff0 max_arch_pfn = 0x400000000
[    0.000000] MTRR: Disabled
[    0.000000] x86/PAT: MTRRs disabled, skipping PAT initialization too.
[    0.000000] CPU MTRRs all blank - virtualized system.
[    0.000000] x86/PAT: Configuration [0-7]: WB  WT  UC- UC  WB  WT  UC- UC  
[    0.000000] found SMP MP-table at [mem 0x0009fff0-0x0009ffff] mapped at [ffff88000009fff0]
[    0.000000] Scanning 1 areas for low memory corruption
[    0.000000] RAMDISK: [mem 0x362de000-0x37166fff]
[    0.000000] ACPI: Early table checksum verification disabled
[    0.000000] ACPI: RSDP 0x00000000000E0000 000024 (v02 VBOX  )
[    0.000000] ACPI: XSDT 0x000000003FFF0030 00003C (v01 VBOX   VBOXXSDT 00000001 ASL  00000061)
[    0.000000] ACPI: FACP 0x000000003FFF00F0 0000F4 (v04 VBOX   VBOXFACP 00000001 ASL  00000061)
[    0.000000] ACPI: DSDT 0x000000003FFF0470 002325 (v02 VBOX   VBOXBIOS 00000002 INTL 20100528)
[    0.000000] ACPI: FACS 0x000000003FFF0200 000040
[    0.000000] ACPI: FACS 0x000000003FFF0200 000040
[    0.000000] ACPI: APIC 0x000000003FFF0240 00005C (v02 VBOX   VBOXAPIC 00000001 ASL  00000061)
[    0.000000] ACPI: SSDT 0x000000003FFF02A0 0001CC (v01 VBOX   VBOXCPUT 00000002 INTL 20100528)
[    0.000000] No NUMA configuration found
[    0.000000] Faking a node at [mem 0x0000000000000000-0x000000003ffeffff]
[    0.000000] NODE_DATA(0) allocated [mem 0x3ffeb000-0x3ffeffff]
[    0.000000] kvm-clock: Using msrs 4b564d01 and 4b564d00
[    0.000000] kvm-clock: cpu 0, msr 0:3ffe3001, primary cpu clock
[    0.000000] kvm-clock: using sched offset of 6263946770 cycles
[    0.000000] clocksource: kvm-clock: mask: 0xffffffffffffffff max_cycles: 0x1cd42e4dffb, max_idle_ns: 881590591483 ns
[    0.000000] Zone ranges:
[    0.000000]   DMA      [mem 0x0000000000001000-0x0000000000ffffff]
[    0.000000]   DMA32    [mem 0x0000000001000000-0x000000003ffeffff]
[    0.000000]   Normal   empty
[    0.000000]   Device   empty
[    0.000000] Movable zone start for each node
[    0.000000] Early memory node ranges
[    0.000000]   node   0: [mem 0x0000000000001000-0x000000000009efff]
[    0.000000]   node   0: [mem 0x0000000000100000-0x000000003ffeffff]
[    0.000000] Initmem setup node 0 [mem 0x0000000000001000-0x000000003ffeffff]
[    0.000000] ACPI: PM-Timer IO Port: 0x4008
[    0.000000] IOAPIC[0]: apic_id 2, version 32, address 0xfec00000, GSI 0-23
[    0.000000] ACPI: INT_SRC_OVR (bus 0 bus_irq 0 global_irq 2 dfl dfl)
[    0.000000] ACPI: INT_SRC_OVR (bus 0 bus_irq 9 global_irq 9 low level)
[    0.000000] Using ACPI (MADT) for SMP configuration information
[    0.000000] smpboot: Allowing 2 CPUs, 0 hotplug CPUs
[    0.000000] PM: Registered nosave memory: [mem 0x00000000-0x00000fff]
[    0.000000] PM: Registered nosave memory: [mem 0x0009f000-0x0009ffff]
[    0.000000] PM: Registered nosave memory: [mem 0x000a0000-0x000effff]
[    0.000000] PM: Registered nosave memory: [mem 0x000f0000-0x000fffff]
[    0.000000] e820: [mem 0x40000000-0xfebfffff] available for PCI devices
[    0.000000] Booting paravirtualized kernel on KVM
[    0.000000] clocksource: refined-jiffies: mask: 0xffffffff max_cycles: 0xffffffff, max_idle_ns: 7645519600211568 ns
[    0.000000] setup_percpu: NR_CPUS:512 nr_cpumask_bits:512 nr_cpu_ids:2 nr_node_ids:1
[    0.000000] PERCPU: Embedded 33 pages/cpu @ffff88003fc00000 s95512 r8192 d31464 u1048576
[    0.000000] Built 1 zonelists in Node order, mobility grouping on.  Total pages: 257912
[    0.000000] Policy zone: DMA32
[    0.000000] Kernel command line: BOOT_IMAGE=/boot/vmlinuz-4.4.0-187-generic root=LABEL=cloudimg-rootfs ro console=tty1 console=ttyS0
[    0.000000] PID hash table entries: 4096 (order: 3, 32768 bytes)
[    0.000000] Memory: 997660K/1048120K available (8636K kernel code, 1337K rwdata, 4040K rodata, 1492K init, 1296K bss, 50460K reserved, 0K cma-reserved)
[    0.000000] SLUB: HWalign=64, Order=0-3, MinObjects=0, CPUs=2, Nodes=1
[    0.000000] Kernel/User page tables isolation: enabled
[    0.000000] Hierarchical RCU implementation.
[    0.000000] 	Build-time adjustment of leaf fanout to 64.
[    0.000000] 	RCU restricting CPUs from NR_CPUS=512 to nr_cpu_ids=2.
[    0.000000] RCU: Adjusting geometry for rcu_fanout_leaf=64, nr_cpu_ids=2
[    0.000000] NR_IRQS:33024 nr_irqs:440 16
[    0.000000] Console: colour VGA+ 80x25
[    0.000000] console [tty1] enabled
[    0.000000] console [ttyS0] enabled
[    0.000000] tsc: Detected 2533.342 MHz processor
[    0.218554] Calibrating delay loop (skipped) preset value.. 5066.68 BogoMIPS (lpj=10133368)
[    0.220725] pid_max: default: 32768 minimum: 301
[    0.221910] ACPI: Core revision 20150930
[    0.224610] ACPI: 2 ACPI AML tables successfully acquired and loaded
[    0.226322] Security Framework initialized
[    0.227384] Yama: becoming mindful.
[    0.228354] AppArmor: AppArmor initialized
[    0.229595] Dentry cache hash table entries: 131072 (order: 8, 1048576 bytes)
[    0.234911] Inode-cache hash table entries: 65536 (order: 7, 524288 bytes)
[    0.237106] Mount-cache hash table entries: 2048 (order: 2, 16384 bytes)
[    0.238724] Mountpoint-cache hash table entries: 2048 (order: 2, 16384 bytes)
[    0.240540] Initializing cgroup subsys io
[    0.241614] Initializing cgroup subsys memory
[    0.242758] Initializing cgroup subsys devices
[    0.243874] Initializing cgroup subsys freezer
[    0.244989] Initializing cgroup subsys net_cls
[    0.246092] Initializing cgroup subsys perf_event
[    0.247305] Initializing cgroup subsys net_prio
[    0.248460] Initializing cgroup subsys hugetlb
[    0.249595] Initializing cgroup subsys pids
[    0.250857] mce: CPU supports 0 MCE banks
[    0.251927] Last level iTLB entries: 4KB 512, 2MB 7, 4MB 7
[    0.253249] Last level dTLB entries: 4KB 512, 2MB 32, 4MB 32, 1GB 0
[    0.254742] Spectre V1 : Mitigation: usercopy/swapgs barriers and __user pointer sanitization
[    0.256852] Spectre V2 : Mitigation: Full generic retpoline
[    0.258149] Spectre V2 : Spectre v2 / SpectreRSB mitigation: Filling RSB on context switch
[    0.260421] Speculative Store Bypass: Vulnerable
[    0.261683] MDS: Vulnerable: Clear CPU buffers attempted, no microcode
[    0.266952] Freeing SMP alternatives memory: 36K
[    0.276538] ftrace: allocating 32337 entries in 127 pages
[    0.364960] smpboot: APIC(0) Converting physical 0 to logical package 0
[    0.366683] smpboot: Max logical packages: 1
[    0.368203] x2apic enabled
[    0.369420] Switched APIC routing to physical x2apic.
[    0.372185] ..TIMER: vector=0x30 apic1=0 pin1=2 apic2=-1 pin2=-1
[    0.481786] smpboot: CPU0: Intel(R) Core(TM) i3 CPU       M 380  @ 2.53GHz (family: 0x6, model: 0x25, stepping: 0x5)
[    0.484806] Performance Events: unsupported p6 CPU model 37 no PMU driver, software events only.
[    0.500171] KVM setup paravirtual spinlock
[    0.502954] x86: Booting SMP configuration:
[    0.504431] .... node  #0, CPUs:      #1
[    0.509085] kvm-clock: cpu 1, msr 0:3ffe3041, secondary cpu clock
[    0.510565] mce: CPU supports 0 MCE banks
[    0.513699] x86: Booted up 1 node, 2 CPUs
[    0.515113] smpboot: Total of 2 processors activated (10133.36 BogoMIPS)
[    0.517623] devtmpfs: initialized
[    0.520808] evm: security.selinux
[    0.521924] evm: security.SMACK64
[    0.523136] evm: security.SMACK64EXEC
[    0.524360] evm: security.SMACK64TRANSMUTE
[    0.525439] evm: security.SMACK64MMAP
[    0.526657] evm: security.ima
[    0.527791] evm: security.capability
[    0.529354] clocksource: jiffies: mask: 0xffffffff max_cycles: 0xffffffff, max_idle_ns: 7645041785100000 ns
[    0.531921] futex hash table entries: 512 (order: 3, 32768 bytes)
[    0.533533] pinctrl core: initialized pinctrl subsystem
[    0.535026] RTC time:  5:01:24, date: 09/06/20
[    0.536477] NET: Registered protocol family 16
[    0.545858] cpuidle: using governor ladder
[    0.557936] cpuidle: using governor menu
[    0.559311] PCCT header not found.
[    0.560612] ACPI: bus type PCI registered
[    0.561958] acpiphp: ACPI Hot Plug PCI Controller Driver version: 0.5
[    0.563905] PCI: Using configuration type 1 for base access
[    0.583407] ACPI: Added _OSI(Module Device)
[    0.584611] ACPI: Added _OSI(Processor Device)
[    0.585829] ACPI: Added _OSI(3.0 _SCP Extensions)
[    0.587084] ACPI: Added _OSI(Processor Aggregator Device)
[    0.589305] ACPI: Executed 1 blocks of module-level executable AML code
[    0.593607] ACPI: Interpreter enabled
[    0.594711] ACPI: (supports S0 S5)
[    0.595632] ACPI: Using IOAPIC for interrupt routing
[    0.597024] PCI: Using host bridge windows from ACPI; if necessary, use "pci=nocrs" and report a bug
[    0.604570] ACPI: PCI Root Bridge [PCI0] (domain 0000 [bus 00-ff])
[    0.606112] acpi PNP0A03:00: _OSC: OS supports [ASPM ClockPM Segments MSI]
[    0.608207] acpi PNP0A03:00: _OSC: not requesting OS control; OS requires [ExtendedConfig ASPM ClockPM MSI]
[    0.610831] acpi PNP0A03:00: fail to add MMCONFIG information, can't access extended PCI configuration space under this bridge.
[    0.614088] PCI host bridge to bus 0000:00
[    0.615136] pci_bus 0000:00: root bus resource [io  0x0000-0x0cf7 window]
[    0.616654] pci_bus 0000:00: root bus resource [io  0x0d00-0xffff window]
[    0.618196] pci_bus 0000:00: root bus resource [mem 0x000a0000-0x000bffff window]
[    0.620242] pci_bus 0000:00: root bus resource [mem 0x40000000-0xfdffffff window]
[    0.622202] pci_bus 0000:00: root bus resource [bus 00-ff]
[    0.625875] pci 0000:00:01.1: legacy IDE quirk: reg 0x10: [io  0x01f0-0x01f7]
[    0.627486] pci 0000:00:01.1: legacy IDE quirk: reg 0x14: [io  0x03f6]
[    0.629090] pci 0000:00:01.1: legacy IDE quirk: reg 0x18: [io  0x0170-0x0177]
[    0.630927] pci 0000:00:01.1: legacy IDE quirk: reg 0x1c: [io  0x0376]
[    0.661196] pci 0000:00:07.0: quirk: [io  0x4000-0x403f] claimed by PIIX4 ACPI
[    0.663207] pci 0000:00:07.0: quirk: [io  0x4100-0x410f] claimed by PIIX4 SMB
[    0.684387] ACPI: PCI Interrupt Link [LNKA] (IRQs 5 9 10 *11)
[    0.686558] ACPI: PCI Interrupt Link [LNKB] (IRQs 5 9 *10 11)
[    0.688681] ACPI: PCI Interrupt Link [LNKC] (IRQs 5 *9 10 11)
[    0.703328] ACPI: PCI Interrupt Link [LNKD] (IRQs 5 9 10 *11)
[    0.705487] ACPI: Enabled 2 GPEs in block 00 to 07
[    0.707110] vgaarb: setting as boot device: PCI:0000:00:02.0
[    0.708470] vgaarb: device added: PCI:0000:00:02.0,decodes=io+mem,owns=io+mem,locks=none
[    0.710593] vgaarb: loaded
[    0.711407] vgaarb: bridge control possible 0000:00:02.0
[    0.712962] SCSI subsystem initialized
[    0.714131] ACPI: bus type USB registered
[    0.715295] usbcore: registered new interface driver usbfs
[    0.716590] usbcore: registered new interface driver hub
[    0.717878] usbcore: registered new device driver usb
[    0.719348] PCI: Using ACPI for IRQ routing
[    0.724636] NetLabel: Initializing
[    0.725650] NetLabel:  domain hash size = 128
[    0.727029] NetLabel:  protocols = UNLABELED CIPSOv4
[    0.728288] NetLabel:  unlabeled traffic allowed by default
[    0.729922] amd_nb: Cannot enumerate AMD northbridges
[    0.731244] clocksource: Switched to clocksource kvm-clock
[    0.748359] AppArmor: AppArmor Filesystem Enabled
[    0.749690] pnp: PnP ACPI init
[    0.751862] pnp: PnP ACPI: found 3 devices
[    0.763515] clocksource: acpi_pm: mask: 0xffffff max_cycles: 0xffffff, max_idle_ns: 2085701024 ns
[    0.765891] NET: Registered protocol family 2
[    0.767321] TCP established hash table entries: 8192 (order: 4, 65536 bytes)
[    0.768934] TCP bind hash table entries: 8192 (order: 5, 131072 bytes)
[    0.770639] TCP: Hash tables configured (established 8192 bind 8192)
[    0.772147] UDP hash table entries: 512 (order: 2, 16384 bytes)
[    0.773545] UDP-Lite hash table entries: 512 (order: 2, 16384 bytes)
[    0.775154] NET: Registered protocol family 1
[    0.776325] pci 0000:00:00.0: Limiting direct PCI/PCI transfers
[    0.777733] pci 0000:00:01.0: Activating ISA DMA hang workarounds
[    0.779403] Unpacking initramfs...
[    1.157792] Freeing initrd memory: 14884K
[    1.159189] clocksource: tsc: mask: 0xffffffffffffffff max_cycles: 0x248442c6361, max_idle_ns: 440795327443 ns
[    1.161756] platform rtc_cmos: registered platform RTC device (no PNP device found)
[    1.163794] Scanning for low memory corruption every 60 seconds
[    1.166151] audit: initializing netlink subsys (disabled)
[    1.167538] audit: type=2000 audit(1599368493.257:1): initialized
[    1.169335] Initialise system trusted keyring
[    1.170988] HugeTLB registered 2 MB page size, pre-allocated 0 pages
[    1.174259] zbud: loaded
[    1.175491] VFS: Disk quotas dquot_6.6.0
[    1.176579] VFS: Dquot-cache hash table entries: 512 (order 0, 4096 bytes)
[    1.178516] squashfs: version 4.0 (2009/01/31) Phillip Lougher
[    1.180324] fuse init (API version 7.23)
[    1.181550] Key type big_key registered
[    1.182585] Allocating IMA MOK and blacklist keyrings.
[    1.185197] Key type asymmetric registered
[    1.186230] Asymmetric key parser 'x509' registered
[    1.187470] Block layer SCSI generic (bsg) driver version 0.4 loaded (major 249)
[    1.189621] io scheduler noop registered
[    1.190643] io scheduler deadline registered (default)
[    1.192041] io scheduler cfq registered
[    1.193229] pci_hotplug: PCI Hot Plug PCI Core version: 0.5
[    1.194729] pciehp: PCI Express Hot Plug Controller Driver version: 0.4
[    1.196482] ACPI: AC Adapter [AC] (on-line)
[    1.197661] input: Power Button as /devices/LNXSYSTM:00/LNXPWRBN:00/input/input0
[    1.199896] ACPI: Power Button [PWRF]
[    1.201040] input: Sleep Button as /devices/LNXSYSTM:00/LNXSLPBN:00/input/input1
[    1.202920] ACPI: Sleep Button [SLPF]
[    1.205191] ACPI: Battery Slot [BAT0] (battery present)
[    1.206671] GHES: HEST is not enabled!
[    1.207804] Serial: 8250/16550 driver, 32 ports, IRQ sharing enabled
[    1.230224] 00:02: ttyS0 at I/O 0x3f8 (irq = 4, base_baud = 115200) is a 16550A
[    1.233874] Linux agpgart interface v0.103
[    1.237164] loop: module loaded
[    1.238954] scsi host0: ata_piix
[    1.240246] scsi host1: ata_piix
[    1.241174] ata1: PATA max UDMA/33 cmd 0x1f0 ctl 0x3f6 bmdma 0xd000 irq 14
[    1.242795] ata2: PATA max UDMA/33 cmd 0x170 ctl 0x376 bmdma 0xd008 irq 15
[    1.244820] libphy: Fixed MDIO Bus: probed
[    1.246010] tun: Universal TUN/TAP device driver, 1.6
[    1.247205] tun: (C) 1999-2004 Max Krasnyansky <maxk@qualcomm.com>
[    1.248948] PPP generic driver version 2.4.2
[    1.250107] ehci_hcd: USB 2.0 'Enhanced' Host Controller (EHCI) Driver
[    1.251692] ehci-pci: EHCI PCI platform driver
[    1.252936] ehci-platform: EHCI generic platform driver
[    1.254284] ohci_hcd: USB 1.1 'Open' Host Controller (OHCI) Driver
[    1.255736] ohci-pci: OHCI PCI platform driver
[    1.256889] ohci-platform: OHCI generic platform driver
[    1.258272] uhci_hcd: USB Universal Host Controller Interface driver
[    1.259789] i8042: PNP: PS/2 Controller [PNP0303:PS2K,PNP0f03:PS2M] at 0x60,0x64 irq 1,12
[    1.262702] serio: i8042 KBD port at 0x60,0x64 irq 1
[    1.264174] serio: i8042 AUX port at 0x60,0x64 irq 12
[    1.265863] mousedev: PS/2 mouse device common for all mice
[    1.267890] input: AT Translated Set 2 keyboard as /devices/platform/i8042/serio0/input/input2
[    1.270132] rtc_cmos rtc_cmos: rtc core: registered rtc_cmos as rtc0
[    1.271868] rtc_cmos rtc_cmos: alarms up to one day, 114 bytes nvram
[    1.273345] i2c /dev entries driver
[    1.274355] device-mapper: uevent: version 1.0.3
[    1.275632] device-mapper: ioctl: 4.34.0-ioctl (2015-10-28) initialised: dm-devel@redhat.com
[    1.277891] ledtrig-cpu: registered to indicate activity on CPUs
[    1.280017] NET: Registered protocol family 10
[    1.281444] NET: Registered protocol family 17
[    1.282572] Key type dns_resolver registered
[    1.284031] registered taskstats version 1
[    1.285169] Loading compiled-in X.509 certificates
[    1.287412] Loaded X.509 cert 'Build time autogenerated kernel key: f06b7227f29f55afa9b8968d1b82289d30ebc7c3'
[    1.289826] zswap: loaded using pool lzo/zbud
[    1.293619] Key type trusted registered
[    1.298971] Key type encrypted registered
[    1.300213] AppArmor: AppArmor sha1 policy hashing enabled
[    1.301644] ima: No TPM chip found, activating TPM-bypass!
[    1.302948] ima: Allocated hash algorithm: sha1
[    1.304135] evm: HMAC attrs: 0x1
[    1.305491]   Magic number: 4:956:10
[    1.306600] rtc_cmos rtc_cmos: setting system clock to 2020-09-06 05:01:25 UTC (1599368485)
[    1.308907] BIOS EDD facility v0.16 2004-Jun-25, 0 devices found
[    1.310295] EDD information not available.
[    1.433942] Freeing unused kernel memory: 1492K
[    1.435387] Write protecting the kernel read-only data: 14336k
[    1.437978] Freeing unused kernel memory: 1592K
[    1.439990] Freeing unused kernel memory: 56K
Loading, please wait...
starting version 229
[    1.472685] random: systemd-udevd: uninitialized urandom read (16 bytes read, 2 bits of entropy available)
[    1.473729] random: udevadm: uninitialized urandom read (16 bytes read, 2 bits of entropy available)
[    1.473760] random: udevadm: uninitialized urandom read (16 bytes read, 2 bits of entropy available)
[    1.482032] random: systemd-udevd: uninitialized urandom read (16 bytes read, 2 bits of entropy available)
[    1.485086] random: systemd-udevd: uninitialized urandom read (16 bytes read, 2 bits of entropy available)
[    1.488298] random: systemd-udevd: uninitialized urandom read (16 bytes read, 2 bits of entropy available)
[    1.489631] random: udevadm: uninitialized urandom read (16 bytes read, 2 bits of entropy available)
[    1.489697] random: udevadm: uninitialized urandom read (16 bytes read, 2 bits of entropy available)
[    1.489978] random: udevadm: uninitialized urandom read (16 bytes read, 2 bits of entropy available)
[    1.490066] random: udevadm: uninitialized urandom read (16 bytes read, 2 bits of entropy available)
[    1.562836] Fusion MPT base driver 3.04.20
[    1.572434] Copyright (c) 1999-2008 LSI Corporation
[    1.610066] e1000: Intel(R) PRO/1000 Network Driver - version 7.3.21-k8-NAPI
[    1.612791] e1000: Copyright (c) 1999-2006 Intel Corporation.
[    1.634867] Fusion MPT SPI Host driver 3.04.20
[    1.821182] input: ImExPS/2 Generic Explorer Mouse as /devices/platform/i8042/serio1/input/input4
[    2.020536] e1000 0000:00:03.0 eth0: (PCI:33MHz:32-bit) 02:98:c6:81:17:55
[    2.022399] e1000 0000:00:03.0 eth0: Intel(R) PRO/1000 Network Connection
[    2.025195] mptbase: ioc0: Initiating bringup
[    2.088206] ioc0: LSI53C1030 A0: Capabilities={Initiator}
[    2.258426] scsi host2: ioc0: LSI53C1030 A0, FwRev=00000000h, Ports=1, MaxQ=256, IRQ=20
[    2.397832] scsi 2:0:0:0: Direct-Access     VBOX     HARDDISK         1.0  PQ: 0 ANSI: 5
[    2.403792] scsi target2:0:0: Beginning Domain Validation
[    2.411635] scsi target2:0:0: Domain Validation skipping write tests
[    2.417572] scsi target2:0:0: Ending Domain Validation
[    2.422049] scsi target2:0:0: asynchronous
[    2.427598] scsi 2:0:1:0: Direct-Access     VBOX     HARDDISK         1.0  PQ: 0 ANSI: 5
[    2.432749] scsi target2:0:1: Beginning Domain Validation
[    2.438350] scsi target2:0:1: Domain Validation skipping write tests
[    2.442113] scsi target2:0:1: Ending Domain Validation
[    2.445721] scsi target2:0:1: asynchronous
[    2.460797] sd 2:0:0:0: Attached scsi generic sg0 type 0
[    2.463725] sd 2:0:0:0: [sda] 20971520 512-byte logical blocks: (10.7 GB/10.0 GiB)
[    2.466513] sd 2:0:1:0: [sdb] 20480 512-byte logical blocks: (10.5 MB/10.0 MiB)
[    2.468495] sd 2:0:0:0: [sda] Write Protect is off
[    2.470809] sd 2:0:1:0: [sdb] Write Protect is off
[    2.472651] sd 2:0:1:0: Attached scsi generic sg1 type 0
[    2.474804] sd 2:0:1:0: [sdb] Incomplete mode parameter data
[    2.490872] sd 2:0:1:0: [sdb] Assuming drive cache: write through
[    2.492835] sd 2:0:0:0: [sda] Incomplete mode parameter data
[    2.494670] sd 2:0:0:0: [sda] Assuming drive cache: write through
[    2.515722]  sda: sda1
[    2.517756] sd 2:0:0:0: [sda] Attached SCSI disk
[    2.547409] sd 2:0:1:0: [sdb] Attached SCSI disk
[    2.802217] e1000 0000:00:08.0 eth1: (PCI:33MHz:32-bit) 08:00:27:5a:d9:3c
[    2.804168] e1000 0000:00:08.0 eth1: Intel(R) PRO/1000 Network Connection
[    2.807487] e1000 0000:00:03.0 enp0s3: renamed from eth0
[    2.815873] e1000 0000:00:08.0 enp0s8: renamed from eth1
Begin: Loading essential drivers ... [    4.298279] md: linear personality registered for level -1
[    4.305387] md: multipath personality registered for level -4
[    4.321836] md: raid0 personality registered for level 0
[    4.329639] md: raid1 personality registered for level 1
[    4.403324] raid6: sse2x1   gen()  5847 MB/s
[    4.471298] raid6: sse2x1   xor()  4443 MB/s
[    4.539335] raid6: sse2x2   gen()  6941 MB/s
[    4.607322] raid6: sse2x2   xor()  5375 MB/s
[    4.675288] raid6: sse2x4   gen()  7994 MB/s
[    4.743394] raid6: sse2x4   xor()  5874 MB/s
[    4.745068] raid6: using algorithm sse2x4 gen() 7994 MB/s
[    4.746385] raid6: .... xor() 5874 MB/s, rmw enabled
[    4.747604] raid6: using ssse3x2 recovery algorithm
[    4.750577] xor: measuring software checksum speed
[    4.791303]    prefetch64-sse:  9970.000 MB/sec
[    4.831379]    generic_sse:  8851.000 MB/sec
[    4.832793] xor: using function: prefetch64-sse (9970.000 MB/sec)
[    4.850446] async_tx: api initialized (async)
[    4.873932] md: raid6 personality registered for level 6
[    4.881036] md: raid5 personality registered for level 5
[    4.882514] md: raid4 personality registered for level 4
[    4.920845] md: raid10 personality registered for level 10
done.
Begin: Running /scripts/init-premount ... done.
Begin: Mounting root file system ... Begin: Running /scripts/local-top ... done.
Begin: Running /scripts/local-premount ... [    4.977613] Btrfs loaded
Scanning for Btrfs filesystems
done.
Warning: fsck not present, so skipping root file system
[    5.147533] EXT4-fs (sda1): INFO: recovery required on readonly filesystem
[    5.151045] EXT4-fs (sda1): write access will be enabled during recovery
[    6.190282] EXT4-fs (sda1): recovery complete
[    6.192850] EXT4-fs (sda1): mounted filesystem with ordered data mode. Opts: (null)
done.
Begin: Running /scripts/local-bottom ... done.
Begin: Running /scripts/init-bottom ... done.
[    6.538573] random: nonblocking pool is initialized
[   11.001936] systemd[1]: systemd 229 running in system mode. (+PAM +AUDIT +SELINUX +IMA +APPARMOR +SMACK +SYSVINIT +UTMP +LIBCRYPTSETUP +GCRYPT +GNUTLS +ACL +XZ -LZ4 +SECCOMP +BLKID +ELFUTILS +KMOD -IDN)
[   11.012531] systemd[1]: Detected virtualization oracle.
[   11.016175] systemd[1]: Detected architecture x86-64.

Welcome to [1mUbuntu 16.04.7 LTS[0m!

[   11.188961] systemd[1]: Set hostname to <ubuntu-xenial>.
[   15.366443] systemd[1]: Created slice System Slice.
[[0;32m  OK  [0m] Created slice System Slice.
[   15.369368] systemd[1]: Reached target Encrypted Volumes.
[[0;32m  OK  [0m] Reached target Encrypted Volumes.
[   15.372346] systemd[1]: Listening on LVM2 metadata daemon socket.
[[0;32m  OK  [0m] Listening on LVM2 metadata daemon socket.
[   15.375560] systemd[1]: Reached target Swap.
[[0;32m  OK  [0m] Reached target Swap.
[   15.378359] systemd[1]: Set up automount Arbitrary Executable File Formats File System Automount Point.
[[0;32m  OK  [0m] Set up automount Arbitrary Executab...ats File System Automount Point.
[   15.383745] systemd[1]: Listening on Journal Socket (/dev/log).
[[0;32m  OK  [0m] Listening on Journal Socket (/dev/log).
[   15.387271] systemd[1]: Listening on Journal Audit Socket.
[[0;32m  OK  [0m] Listening on Journal Audit Socket.
[   15.390546] systemd[1]: Started Forward Password Requests to Wall Directory Watch.
[[0;32m  OK  [0m] Started Forward Password Requests to Wall Directory Watch.
[   15.395187] systemd[1]: Listening on udev Kernel Socket.
[[0;32m  OK  [0m] Listening on udev Kernel Socket.
[   15.398454] systemd[1]: Listening on Journal Socket.
[[0;32m  OK  [0m] Listening on Journal Socket.
[   15.411938] systemd[1]: Starting Remount Root and Kernel File Systems...
         Starting Remount Root and Kernel File Systems...
[   15.453243] systemd[1]: Starting Create list of required static device nodes for the current kernel...
         Starting Create list of required st... nodes for the current kernel...
[   15.459296] systemd[1]: Starting Nameserver information manager...
         Starting Nameserver information manager...
[   15.466985] systemd[1]: Started Trigger resolvconf update for networkd DNS.
[[0;32m  OK  [0m] Started Trigger resolvconf update for networkd DNS.
[   15.540072] systemd[1]: Starting Load Kernel Modules...
         Starting Load Kernel Modules...
[   15.555578] systemd[1]: Created slice User and Session Slice.
[[0;32m  OK  [0m] Created slice User and Session Slice.
[   15.561347] systemd[1]: Reached target Slices.
[[0;32m  OK  [0m] Reached target Slices.
[   15.564664] systemd[1]: Listening on Device-mapper event daemon FIFOs.
[[0;32m  OK  [0m] Listening on Device-mapper event daemon FIFOs.
[   15.569968] systemd[1]: Starting Monitoring of LVM2 mirrors, snapshots etc. using dmeventd or progress polling...
         Starting Monitoring of LVM2 mirrors... dmeventd or progress polling...
[   15.576788] systemd[1]: Mounting Huge Pages File System...
         Mounting Huge Pages File System...
[   15.581117] systemd[1]: Reached target System Time Synchronized.
[[0;32m  OK  [0m] Reached target System Time Synchronized.
[   15.585251] systemd[1]: Listening on /dev/initctl Compatibility Named Pipe.
[[0;32m  OK  [0m] Listening on /dev/initctl Compatibility Named Pipe.
[   15.590039] systemd[1]: Starting Set console keymap...
         Starting Set console keymap...
[   15.594818] systemd[1]: Starting Uncomplicated firewall...
         Starting Uncomplicated firewall...
[   15.597895] systemd[1]: Listening on Syslog Socket.
[[0;32m  OK  [0m] Listening on Syslog Socket.
[   15.609146] systemd[1]: Starting Journal Service...
         Starting Journal Service...
[   15.612685] systemd[1]: Mounting POSIX Message Queue File System...
         Mounting POSIX Message Queue File System...
[   15.618049] systemd[1]: Mounting Debug File System...
         Mounting Debug File System...
[   15.622094] systemd[1]: Reached target User and Group Name Lookups.
[[0;32m  OK  [0m] Reached target User and Group Name Lookups.
[   15.625104] systemd[1]: Listening on udev Control Socket.
[[0;32m  OK  [0m] Listening on udev Control Socket.
[   15.628304] systemd[1]: Created slice system-serial\x2dgetty.slice.
[[0;32m  OK  [0m] Created slice system-serial\x2dgetty.slice.
[   15.631521] systemd[1]: Listening on LVM2 poll daemon socket.
[[0;32m  OK  [0m] Listening on LVM2 poll daemon socket.
[   15.637832] systemd[1]: Started Create list of required static device nodes for the current kernel.
[[0;32m  OK  [0m] Started Create list of required sta...ce nodes for the current kernel.
[   15.645001] systemd[1]: Starting Create Static Device Nodes in /dev...
         Starting Create Static Device Nodes in /dev...
[   15.794514] systemd[1]: Mounted Huge Pages File System.
[   15.803043] EXT4-fs (sda1): re-mounted. Opts: (null)
[[0;32m  OK  [0m] Mounted Huge Pages File System.
[   15.809508] systemd[1]: Mounted Debug File System.
[[0;32m  OK  [0m] Mounted Debug File System.
[   15.819837] systemd[1]: Mounted POSIX Message Queue File System.
[[0;32m  OK  [0m] Mounted POSIX Message Queue File System.
[   15.829051] systemd[1]: Started Remount Root and Kernel File Systems.
[[0;32m  OK  [0m] Started Remount Root and Kernel File Systems.
[   15.846885] systemd[1]: Starting Load/Save Random Seed...
         Starting Load/Save Random Seed...
[   15.935682] systemd[1]: Starting udev Coldplug all Devices...
         Starting udev Coldplug all Devices...
[   15.946116] systemd[1]: Started Uncomplicated firewall.
[[0;32m  OK  [0m] Started Uncomplicated firewall.
[   15.954108] systemd[1]: Started Nameserver information manager.
[[0;32m  OK  [0m] Started Nameserver information manager.
[   15.996251] Loading iSCSI transport class v2.0-870.
[   16.040458] systemd[1]: Started Load/Save Random Seed.
[[0;32m  OK  [0m] Started Load/Save Random Seed.
[   16.162923] systemd[1]: Started udev Coldplug all Devices.
[[0;32m  OK  [0m] Started udev Coldplug all Devices.
[   16.296219] iscsi: registered transport (tcp)
[   16.329002] systemd[1]: Started Journal Service.
[[0;32m  OK  [0m] Started Journal Service.
         Starting Flush Journal to Persistent Storage...
[[0;32m  OK  [0m] Started Set console keymap.
[[0;32m  OK  [0m] Started LVM2 metadata daemon.
[   16.744334] systemd-journald[373]: Received request to flush runtime journal from PID 1
[[0;32m  OK  [0m] Started Create Static Device Nodes in /dev.
         Starting udev Kernel Device Manager...
[[0;32m  OK  [0m] Started Flush Journal to Persistent Storage.
[   16.958896] iscsi: registered transport (iser)
[[0;32m  OK  [0m] Started Load Kernel Modules.
         Mounting FUSE Control File System...
         Starting Apply Kernel Variables...
[[0;32m  OK  [0m] Mounted FUSE Control File System.
[[0;32m  OK  [0m] Started Apply Kernel Variables.
[[0;32m  OK  [0m] Started Monitoring of LVM2 mirrors,...ng dmeventd or progress polling.
[[0;32m  OK  [0m] Reached target Local File Systems (Pre).
[[0;32m  OK  [0m] Reached target Local File Systems.
         Starting LSB: AppArmor initialization...
         Starting Set console font and keymap...
         Starting Create Volatile Files and Directories...
         Starting Tell Plymouth To Write Out Runtime Data...
         Starting Initial cloud-init job (pre-networking)...
         Mounting /vagrant...
[[0;32m  OK  [0m] Started Tell Plymouth To Write Out Runtime Data.
[[0;1;31mFAILED[0m] Failed to mount /vagrant.
See 'systemctl status vagrant.mount' for details.
[[0;32m  OK  [0m] Started udev Kernel Device Manager.
[[0;32m  OK  [0m] Started Dispatch Password Requests to Console Directory Watch.
[[0;32m  OK  [0m] Started Create Volatile Files and Directories.
         Starting Update UTMP about System Boot/Shutdown...
[[0;32m  OK  [0m] Started Update UTMP about System Boot/Shutdown.
[[0;32m  OK  [0m] Found device /dev/ttyS0.
[[0;32m  OK  [0m] Listening on Load/Save RF Kill Switch Status /dev/rfkill Watch.
[[0;32m  OK  [0m] Started Set console font and keymap.
[[0;32m  OK  [0m] Created slice system-getty.slice.
[[0;32m  OK  [0m] Found device 82540EM Gigabit Ethern...r (PRO/1000 MT Desktop Adapter).
[[0;32m  OK  [0m] Found device 82540EM Gigabit Ethern...r (PRO/1000 MT Desktop Adapter).
[[0;32m  OK  [0m] Started LSB: AppArmor initialization.
         Starting Load AppArmor profiles managed internally by snapd...
[[0;32m  OK  [0m] Started Load AppArmor profiles managed internally by snapd.
[   28.873973] cloud-init[458]: Cloud-init v. 20.2-45-g5f7825e2-0ubuntu1~16.04.1 running 'init-local' at Sun, 06 Sep 2020 05:01:52 +0000. Up 27.67 seconds.
[[0;32m  OK  [0m] Started Initial cloud-init job (pre-networking).
[[0;32m  OK  [0m] Reached target Network (Pre).
         Starting Raise network interfaces...
[[0;32m  OK  [0m] Started ifup for enp0s3.
[[0;32m  OK  [0m] Started ifup for enp0s8.
[[0;32m  OK  [0m] Started Raise network interfaces.
         Starting Initial cloud-init job (metadata service crawler)...
[[0;32m  OK  [0m] Reached target Network.
[   31.005848] cloud-init[1068]: Cloud-init v. 20.2-45-g5f7825e2-0ubuntu1~16.04.1 running 'init' at Sun, 06 Sep 2020 05:01:54 +0000. Up 30.08 seconds.
[   31.012976] cloud-init[1068]: ci-info: ++++++++++++++++++++++++++++++++++++++Net device info+++++++++++++++++++++++++++++++++++++++
[   31.029107] cloud-init[1068]: ci-info: +--------+------+-----------------------------+---------------+--------+-------------------+
[   31.037167] cloud-init[1068]: ci-info: | Device |  Up  |           Address           |      Mask     | Scope  |     Hw-Address    |
[   31.039610] cloud-init[1068]: ci-info: +--------+------+-----------------------------+---------------+--------+-------------------+
[   31.045128] cloud-init[1068]: ci-info: | enp0s3 | True |          10.0.2.15          | 255.255.255.0 | global | 02:98:c6:81:17:55 |
[   31.048989] cloud-init[1068]: ci-info: | enp0s3 | True |  fe80::98:c6ff:fe81:1755/64 |       .       |  link  | 02:98:c6:81:17:55 |
[   31.057055] cloud-init[1068]: ci-info: | enp0s8 | True |        192.168.33.10        | 255.255.255.0 | global | 08:00:27:5a:d9:3c |
[   31.059646] cloud-init[1068]: ci-info: | enp0s8 | True | fe80::a00:27ff:fe5a:d93c/64 |       .       |  link  | 08:00:27:5a:d9:3c |
[   31.063181] cloud-init[1068]: ci-info: |   lo   | True |          127.0.0.1          |   255.0.0.0   |  host  |         .         |
[   31.066728] cloud-init[1068]: ci-info: |   lo   | True |           ::1/128           |       .       |  host  |         .         |
[   31.070541] cloud-init[1068]: ci-info: +--------+------+-----------------------------+---------------+--------+-------------------+
[   31.074191] cloud-init[1068]: ci-info: ++++++++++++++++++++++++++++Route IPv4 info++++++++++++++++++++++++++++
[   31.077503] cloud-init[1068]: ci-info: +-------+--------------+----------+---------------+-----------+-------+
[   31.080726] cloud-init[1068]: ci-info: | Route | Destination  | Gateway  |    Genmask    | Interface | Flags |
[   31.083819] cloud-init[1068]: ci-info: +-------+--------------+----------+---------------+-----------+-------+
[   31.087957] cloud-init[1068]: ci-info: |   0   |   0.0.0.0    | 10.0.2.2 |    0.0.0.0    |   enp0s3  |   UG  |
[   31.091497] cloud-init[1068]: ci-info: |   1   |   10.0.2.0   | 0.0.0.0  | 255.255.255.0 |   enp0s3  |   U   |
[   31.094981] cloud-init[1068]: ci-info: |   2   | 192.168.33.0 | 0.0.0.0  | 255.255.255.0 |   enp0s8  |   U   |
[   31.097681] cloud-init[1068]: ci-info: +-------+--------------+----------+---------------+-----------+-------+
[   31.100681] cloud-init[1068]: ci-info: +++++++++++++++++++Route IPv6 info+++++++++++++++++++
[   31.103431] cloud-init[1068]: ci-info: +-------+-------------+---------+-----------+-------+
[   31.106346] cloud-init[1068]: ci-info: | Route | Destination | Gateway | Interface | Flags |
[   31.109541] cloud-init[1068]: ci-info: +-------+-------------+---------+-----------+-------+
[   31.112468] cloud-init[1068]: ci-info: |   0   |  fe80::/64  |    ::   |   enp0s8  |   U   |
[   31.115146] cloud-init[1068]: ci-info: |   1   |  fe80::/64  |    ::   |   enp0s3  |   U   |
[   31.117688] cloud-init[1068]: ci-info: |   4   |   ff00::/8  |    ::   |   enp0s8  |   U   |
[   31.125184] cloud-init[1068]: ci-info: |   5   |   ff00::/8  |    ::   |   enp0s3  |   U   |
[   31.127873] cloud-init[1068]: ci-info: +-------+-------------+---------+-----------+-------+
[[0;32m  OK  [0m] Started Initial cloud-init job (metadata service crawler).
[[0;32m  OK  [0m] Reached target Network is Online.
         Starting iSCSI initiator daemon (iscsid)...
[[0;32m  OK  [0m] Reached target System Initialization.
[[0;32m  OK  [0m] Started Message of the Day.
         Starting LXD - unix socket.
[[0;32m  OK  [0m] Started Daily apt download activities.
[[0;32m  OK  [0m] Listening on UUID daemon activation socket.
         Starting Socket activation for snappy daemon.
[[0;32m  OK  [0m] Started Daily Cleanup of Temporary Directories.
[[0;32m  OK  [0m] Listening on D-Bus System Message Bus Socket.
[[0;32m  OK  [0m] Listening on ACPID Listen Socket.
[[0;32m  OK  [0m] Started Daily apt upgrade and clean activities.
[[0;32m  OK  [0m] Reached target Timers.
[[0;32m  OK  [0m] Started ACPI Events Check.
[[0;32m  OK  [0m] Reached target Paths.
[[0;32m  OK  [0m] Reached target Cloud-config availability.
[[0;32m  OK  [0m] Listening on LXD - unix socket.
[[0;32m  OK  [0m] Listening on Socket activation for snappy daemon.
[[0;32m  OK  [0m] Reached target Sockets.
[[0;32m  OK  [0m] Reached target Basic System.
[[0;32m  OK  [0m] Started D-Bus System Message Bus.
         Starting Virtualbox guest utils...
         Starting Accounts Service...
[[0;32m  OK  [0m] Started Deferred execution scheduler.
[[0;32m  OK  [0m] Started FUSE filesystem for LXC.
         Starting OpenBSD Secure Shell server...
         Starting Message of the Day...
         Starting Snap Daemon...
         Starting System Logging Service...
         Starting LSB: Record successful boot for GRUB...
[[0;32m  OK  [0m] Started Regular background program processing daemon.
         Starting Login Service...
[[0;32m  OK  [0m] Started ACPI event daemon.
         Starting /etc/rc.local Compatibility...
         Starting LSB: MD monitoring daemon...
         Starting LXD - container startup/shutdown...
[[0;32m  OK  [0m] Started iSCSI initiator daemon (iscsid).
[[0;32m  OK  [0m] Started /etc/rc.local Compatibility.
         Starting Login to default iSCSI targets...
[[0;32m  OK  [0m] Started LSB: Record successful boot for GRUB.
[[0;32m  OK  [0m] Started Login Service.
[[0;32m  OK  [0m] Started Unattended Upgrades Shutdown.
[[0;32m  OK  [0m] Started Login to default iSCSI targets.
[[0;32m  OK  [0m] Reached target Remote File Systems (Pre).
[[0;32m  OK  [0m] Reached target Remote File Systems.
         Starting LSB: Set the CPU Frequency Scaling governor to "ondemand"...
         Starting LSB: daemon to balance interrupts for SMP systems...
         Starting LSB: automatic crash report generation...
         Starting Permit User Sessions...
[[0;32m  OK  [0m] Started LSB: Set the CPU Frequency Scaling governor to "ondemand".
[[0;32m  OK  [0m] Started Permit User Sessions.
         Starting Terminate Plymouth Boot Screen...
         Starting Hold until boot process finishes up...
[[0;32m  OK  [0m] Started Hold until boot process finishes up.
[[0;32m  OK  [0m] Started Terminate Plymouth Boot Screen.
[[0;32m  OK  [0m] Started Getty on tty1.
         Starting Set console scheme...
[[0;32m  OK  [0m] Started Serial Getty on ttyS0.
[[0;32m  OK  [0m] Reached target Login Prompts.
[[0;32m  OK  [0m] Started Set console scheme.
[[0;32m  OK  [0m] Started LSB: MD monitoring daemon.
[[0;32m  OK  [0m] Started LSB: daemon to balance interrupts for SMP systems.
[[0;32m  OK  [0m] Started LSB: automatic crash report generation.
[[0;32m  OK  [0m] Started System Logging Service.
[[0;32m  OK  [0m] Started Virtualbox guest utils.
[[0;32m  OK  [0m] Started OpenBSD Secure Shell server.
         Starting Authenticate and Authorize Users to Run Privileged Tasks...
[[0;32m  OK  [0m] Started Authenticate and Authorize Users to Run Privileged Tasks.
[[0;32m  OK  [0m] Started Accounts Service.
[[0;32m  OK  [0m] Created slice User Slice of vagrant.
         Starting User Manager for UID 1000...
[[0;32m  OK  [0m] Started Session 1 of user vagrant.
[[0;32m  OK  [0m] Started User Manager for UID 1000.
[[0;32m  OK  [0m] Started LXD - container startup/shutdown.
[[0;32m  OK  [0m] Started Snap Daemon.
         Starting Wait until snapd is fully seeded...

Ubuntu 16.04.7 LTS ubuntu-xenial ttyS0

ubuntu-xenial login: [   40.103962] cloud-init[1390]: Cloud-init v. 20.2-45-g5f7825e2-0ubuntu1~16.04.1 running 'modules:config' at Sun, 06 Sep 2020 05:02:04 +0000. Up 39.74 seconds.
[   41.347935] cloud-init[1447]: Cloud-init v. 20.2-45-g5f7825e2-0ubuntu1~16.04.1 running 'modules:final' at Sun, 06 Sep 2020 05:02:05 +0000. Up 40.76 seconds.
[   41.349705] cloud-init[1447]: Cloud-init v. 20.2-45-g5f7825e2-0ubuntu1~16.04.1 finished at Sun, 06 Sep 2020 05:02:05 +0000. Datasource DataSourceNoCloud [seed=/dev/sdb][dsmode=net].  Up 41.31 seconds
